"Preparing to clone inside a volume\n"
"Installing credential helpers... "
"done\n"
"Cloning into '/code'...\r\n"
"remote: Enumerating objects: 113, done.\u001b[K\r\nremote: Counting objects:   0% (1/113)\u001b[K\rremote: Counting objects:   1% (2/113)\u001b[K\rremote: Counting objects:   2% (3/113)\u001b[K\rremote: Counting objects:   3% (4/113)\u001b[K\rremote: Counting objects:   4% (5/113)\u001b[K\rremote: Counting objects:   5% (6/113)\u001b[K\rremote: Counting objects:   6% (7/113)\u001b[K\rremote: Counting objects:   7% (8/113)\u001b[K\rremote: Counting objects:   8% (10/113)\u001b[K\rremote: Counting objects:   9% (11/113)\u001b[K\rremote: Counting objects:  10% (12/113)\u001b[K\rremote: Counting objects:  11% (13/113)\u001b[K\rremote: Counting objects:  12% (14/113)\u001b[K\rremote: Counting objects:  13% (15/113)\u001b[K\rremote: Counting objects:  14% (16/113)\u001b[K\rremote: Counting objects:  15% (17/113)\u001b[K\rremote: Counting objects:  16% (19/113)\u001b[K\rremote: Counting objects:  17% (20/113)\u001b[K\rremote: Counting objects:  18% (21/113)\u001b[K\rremote: Counting objects:  19% (22/113)\u001b[K\rremote: Counting objects:  20% (23/113)\u001b[K\rremote: Counting objects:  21% (24/113)\u001b[K\rremote: Counting objects:  22% (25/113)\u001b[K"
"\rremote: Counting objects:  23% (26/113)\u001b[K\rremote: Counting objects:  24% (28/113)\u001b[K\rremote: Counting objects:  25% (29/113)\u001b[K\rremote: Counting objects:  26% (30/113)\u001b[K\rremote: Counting objects:  27% (31/113)\u001b[K\rremote: Counting objects:  28% (32/113)\u001b[K\rremote: Counting objects:  29% (33/113)\u001b[K\rremote: Counting objects:  30% (34/113)\u001b[K\rremote: Counting objects:  31% (36/113)\u001b[K\rremote: Counting objects:  32% (37/113)\u001b[K\rremote: Counting objects:  33% (38/113)\u001b[K\rremote: Counting objects:  34% (39/113)\u001b[K\rremote: Counting objects:  35% (40/113)\u001b[K\rremote: Counting objects:  36% (41/113)\u001b[K\rremote: Counting objects:  37% (42/113)\u001b[K\rremote: Counting objects:  38% (43/113)\u001b[K\rremote: Counting objects:  39% (45/113)\u001b[K\rremote: Counting objects:  40% (46/113)\u001b[K\rremote: Counting objects:  41% (47/113)\u001b[K\rremote: Counting objects:  42% (48/113)\u001b[K\rremote: Counting objects:  43% (49/113)\u001b[K\rremote: Counting objects:  44% (50/113)\u001b[K\rremote: Counting objects:  45% (51/113)\u001b[K\rremote: Counting objects:  46% (52"
"/113)\u001b[K\rremote: Counting objects:  47% (54/113)\u001b[K\rremote: Counting objects:  48% (55/113)\u001b[K\rremote: Counting objects:  49% (56/113)\u001b[K\r"
"remote: Counting objects:  50% (57/113)\u001b[K\rremote: Counting objects:  51% (58/113)\u001b[K\rremote: Counting objects:  52% (59/113)\u001b[K\rremote: Counting objects:  53% (60/113)\u001b[K\rremote: Counting objects:  54% (62/113)\u001b[K\rremote: Counting objects:  55% (63/113)\u001b[K\rremote: Counting objects:  56% (64/113)\u001b[K\rremote: Counting objects:  57% (65/113)\u001b[K\rremote: Counting objects:  58% (66/113)\u001b[K\rremote: Counting objects:  59% (67/113)\u001b[K\rremote: Counting objects:  60% (68/113)\u001b[K\rremote: Counting objects:  61% (69/113)\u001b[K\rremote: Counting objects:  62% (71/113)\u001b[K\rremote: Counting objects:  63% (72/113)\u001b[K\rremote: Counting objects:  64% (73/113)\u001b[K\rremote: Counting objects:  65% (74/113)\u001b[K\rremote: Counting objects:  66% (75/113)\u001b[K\rremote: Counting objects:  67% (76/113)\u001b[K\rremote: Counting objects:  68% (77/113)\u001b[K\rremote: Counting objects:  69% (78/113)\u001b[K\rremote: Counting objects:  70% (80/113)\u001b[K\rremote: Counting objects:  71% (81/113)\u001b[K\rremote: Counting objects:  72% (82/113)\u001b[K\rremote: Counting objects:  73% (83/"
"113)\u001b[K\rremote: Counting objects:  74% (84/113)\u001b[K\rremote: Counting objects:  75% (85/113)\u001b[K\rremote: Counting objects:  76% (86/113)\u001b[K\rremote: Counting objects:  77% (88/113)\u001b[K\rremote: Counting objects:  78% (89/113)\u001b[K\rremote: Counting objects:  79% (90/113)\u001b[K\rremote: Counting objects:  80% (91/113)\u001b[K\rremote: Counting objects:  81% (92/113)\u001b[K\rremote: Counting objects:  82% (93/113)\u001b[K\rremote: Counting objects:  83% (94/113)\u001b[K\rremote: Counting objects:  84% (95/113)\u001b[K\rremote: Counting objects:  85% (97/113)\u001b[K\rremote: Counting objects:  86% (98/113)\u001b[K\rremote: Counting objects:  87% (99/113)\u001b[K\rremote: Counting objects:  88% (100/113)\u001b[K\rremote: Counting objects:  89% (101/113)\u001b[K\rremote: Counting objects:  90% (102/113)\u001b[K\rremote: Counting objects:  91% (103/113)\u001b[K\rremote: Counting objects:  92% (104/113)\u001b[K\rremote: Counting objects:  93% (106/113)\u001b[K\rremote: Counting objects:  94% (107/113)\u001b[K\rremote: Counting objects:  95% (108/113)\u001b[K\rremote: Counting objects:  96% (109/113)\u001b[K\rremote: Counting o"
"bjects:  97% (110/113)\u001b[K\rremote: Counting objects:  98% (111/113)\u001b[K\rremote: Counting objects:  99% (112/113)\u001b[K\rremote: Counting objects: 100% (113/113)\u001b[K\rremote: Counting objects: 100% (113/113), done.\u001b[K\r\nremote: Compressing objects:   1% (1/80)\u001b[K\rremote: Compressing objects:   2% (2/80)\u001b[K\rremote: Compressing objects:   3% (3/80)\u001b[K\rremote: Compressing objects:   5% (4/80)\u001b[K\rremote: Compressing objects:   6% (5/80)\u001b[K\rremote: Compressing objects:   7% (6/80)\u001b[K\rremote: Compressing objects:   8% (7/80)\u001b[K\r"
"remote: Compressing objects:  10% (8/80)\u001b[K\rremote: Compressing objects:  11% (9/80)\u001b[K\rremote: Compressing objects:  12% (10/80)\u001b[K\rremote: Compressing objects:  13% (11/80)\u001b[K\rremote: Compressing objects:  15% (12/80)\u001b[K\rremote: Compressing objects:  16% (13/80)\u001b[K\rremote: Compressing objects:  17% (14/80)\u001b[K\rremote: Compressing objects:  18% (15/80)\u001b[K\rremote: Compressing objects:  20% (16/80)\u001b[K\rremote: Compressing objects:  21% (17/80)\u001b[K\rremote: Compressing objects:  22% (18/80)\u001b[K\rremote: Compressing objects:  23% (19/80)\u001b[K\rremote: Compressing objects:  25% (20/80)\u001b[K\rremote: Compressing objects:  26% (21/80)\u001b[K\rremote: Compressing objects:  27% (22/80)\u001b[K\rremote: Compressing objects:  28% (23/80)\u001b[K\rremote: Compressing objects:  30% (24/80)\u001b[K\rremote: Compressing objects:  31% (25/80)\u001b[K\rremote: Compressing objects:  32% (26/80)\u001b[K\rremote: Compressing objects:  33% (27/80)\u001b[K\r"
"remote: Compressing objects:  35% (28/80)\u001b[K\rremote: Compressing objects:  36% (29/80)\u001b[K\rremote: Compressing objects:  37% (30/80)\u001b[K\rremote: Compressing objects:  38% (31/80)\u001b[K\rremote: Compressing objects:  40% (32/80)\u001b[K\rremote: Compressing objects:  41% (33/80)\u001b[K\rremote: Compressing objects:  42% (34/80)\u001b[K\rremote: Compressing objects:  43% (35/80)\u001b[K\rremote: Compressing objects:  45% (36/80)\u001b[K\rremote: Compressing objects:  46% (37/80)\u001b[K\rremote: Compressing objects:  47% (38/80)\u001b[K\rremote: Compressing objects:  48% (39/80)\u001b[K\rremote: Compressing objects:  50% (40/80)\u001b[K\rremote: Compressing objects:  51% (41/80)\u001b[K\rremote: Compressing objects:  52% (42/80)\u001b[K\rremote: Compressing objects:  53% (43/80)\u001b[K\rremote: Compressing objects:  55% (44/80)\u001b[K\rremote: Compressing objects:  56% (45/80)\u001b[K\rremote: Compressing objects:  57% (46/80)\u001b[K\rremote: Compressing objects:  58% (47/80)\u001b[K\rremote: Compressing objects:  60% (48/80)\u001b[K\rremote: Compressing objects:  61% (49/80)\u001b[K\rremote: Compressing objects:  62% "
"(50/80)\u001b[K\rremote: Compressing objects:  63% (51/80)\u001b[K\rremote: Compressing objects:  65% (52/80)\u001b[K\rremote: Compressing objects:  66% (53/80)\u001b[K\rremote: Compressing objects:  67% (54/80)\u001b[K\rremote: Compressing objects:  68% (55/80)\u001b[K\rremote: Compressing objects:  70% (56/80)\u001b[K\rremote: Compressing objects:  71% (57/80)\u001b[K\rremote: Compressing objects:  72% (58/80)\u001b[K\rremote: Compressing objects:  73% (59/80)\u001b[K\rremote: Compressing objects:  75% (60/80)\u001b[K\rremote: Compressing objects:  76% (61/80)\u001b[K\rremote: Compressing objects:  77% (62/80)\u001b[K\rremote: Compressing objects:  78% (63/80)\u001b[K\rremote: Compressing objects:  80% (64/80)\u001b[K\rremote: Compressing objects:  81% (65/80)\u001b[K\rremote: Compressing objects:  82% (66/80)\u001b[K\rremote: Compressing objects:  83% (67/80)\u001b[K\rremote: Compressing objects:  85% (68/80)\u001b[K\rremote: Compressing objects:  86% (69/80)\u001b[K\rremote: Compressing objects:  87% (70/80)\u001b[K\rremote: Compressing objects:  88% (71/80)\u001b[K\rremote: Compressing objects:  90% (72/80)\u001b[K\rremote: Compressing obj"
"ects:  91% (73/80)\u001b[K\rremote: Compressing objects:  92% (74/80)\u001b[K\rremote: Compressing objects:  93% (75/80)\u001b[K\rremote: Compressing objects:  95% (76/80)\u001b[K\rremote: Compressing objects:  96% (77/80)\u001b[K\rremote: Compressing objects:  97% (78/80)\u001b[K\rremote: Compressing objects:  98% (79/80)\u001b[K\rremote: Compressing objects: 100% (80/80)\u001b[K\rremote: Compressing objects: 100% (80/80), done.\u001b[K\r\n"
"Receiving objects:   0% (1/113)\rReceiving objects:   1% (2/113)\rReceiving objects:   2% (3/113)\rReceiving objects:   3% (4/113)\r"
"Receiving objects:   4% (5/113)\rReceiving objects:   5% (6/113)\rReceiving objects:   6% (7/113)\rReceiving objects:   7% (8/113)\r"
"Receiving objects:   8% (10/113)\rReceiving objects:   9% (11/113)\r"
"Receiving objects:  10% (12/113)\rReceiving objects:  11% (13/113)\rReceiving objects:  12% (14/113)\rReceiving objects:  13% (15/113)\r"
"Receiving objects:  14% (16/113)\r"
"Receiving objects:  15% (17/113)\r"
"Receiving objects:  16% (19/113)\rReceiving objects:  17% (20/113)\rReceiving objects:  18% (21/113)\r"
"Receiving objects:  19% (22/113)\rReceiving objects:  20% (23/113)\rReceiving objects:  21% (24/113)\rReceiving objects:  22% (25/113)\r"
"Receiving objects:  23% (26/113)\rReceiving objects:  24% (28/113)\rReceiving objects:  25% (29/113)\r"
"Receiving objects:  26% (30/113)\rReceiving objects:  27% (31/113)\r"
"Receiving objects:  28% (32/113)\rReceiving objects:  29% (33/113)\r"
"Receiving objects:  30% (34/113)\r"
"Receiving objects:  31% (36/113)\rReceiving objects:  32% (37/113)\rReceiving objects:  33% (38/113)\r"
"Receiving objects:  34% (39/113)\rReceiving objects:  35% (40/113)\rReceiving objects:  36% (41/113)\rReceiving objects:  37% (42/113)\rReceiving objects:  38% (43/113)\r"
"Receiving objects:  39% (45/113)\rReceiving objects:  40% (46/113)\rReceiving objects:  41% (47/113)\rReceiving objects:  42% (48/113)\rReceiving objects:  43% (49/113)\r"
"Receiving objects:  44% (50/113)\rReceiving objects:  45% (51/113)\rReceiving objects:  46% (52/113)\r"
"Receiving objects:  47% (54/113)\r"
"Receiving objects:  48% (55/113)\rReceiving objects:  49% (56/113)\rReceiving objects:  50% (57/113)\r"
"Receiving objects:  51% (58/113)\r"
"Receiving objects:  52% (59/113)\rReceiving objects:  53% (60/113)\r"
"Receiving objects:  54% (62/113)\rReceiving objects:  55% (63/113)\r"
"Receiving objects:  56% (64/113)\r"
"Receiving objects:  57% (65/113)\r"
"Receiving objects:  58% (66/113), 188.00 KiB | 331.00 KiB/s\r"
"Receiving objects:  59% (67/113), 188.00 KiB | 331.00 KiB/s\r"
"Receiving objects:  60% (68/113), 188.00 KiB | 331.00 KiB/s\r"
"Receiving objects:  61% (69/113), 188.00 KiB | 331.00 KiB/s\r"
"Receiving objects:  62% (71/113), 188.00 KiB | 331.00 KiB/s\r"
"remote: Total 113 (delta 15), reused 89 (delta 4), pack-reused 0\u001b[K\r\nReceiving objects:  63% (72/113), 188.00 KiB | 331.00 KiB/s\r"
"Receiving objects:  64% (73/113), 188.00 KiB | 331.00 KiB/s\rReceiving objects:  65% (74/113), 188.00 KiB | 331.00 KiB/s\rReceiving objects:  66% (75/113), 188.00 KiB | 331.00 KiB/s\rReceiving objects:  67% (76/113), 188.00 KiB | 331.00 KiB/s\rReceiving objects:  68% (77/113), 188.00 KiB | 331.00 KiB/s\r"
"Receiving objects:  69% (78/113), 188.00 KiB | 331.00 KiB/s\r"
"Receiving objects:  70% (80/113), 188.00 KiB | 331.00 KiB/s\rReceiving objects:  71% (81/113), 188.00 KiB | 331.00 KiB/s\rReceiving objects:  72% (82/113), 188.00 KiB | 331.00 KiB/s\rReceiving objects:  73% (83/113), 188.00 KiB | 331.00 KiB/s\r"
"Receiving objects:  74% (84/113), 188.00 KiB | 331.00 KiB/s\rReceiving objects:  75% (85/113), 188.00 KiB | 331.00 KiB/s\rReceiving objects:  76% (86/113), 188.00 KiB | 331.00 KiB/s\r"
"Receiving objects:  77% (88/113), 188.00 KiB | 331.00 KiB/s\r"
"Receiving objects:  78% (89/113), 188.00 KiB | 331.00 KiB/s\rReceiving objects:  79% (90/113), 188.00 KiB | 331.00 KiB/s\rReceiving objects:  80% (91/113), 188.00 KiB | 331.00 KiB/s\rReceiving objects:  81% (92/113), 188.00 KiB | 331.00 KiB/s\rReceiving objects:  82% (93/113), 188.00 KiB | 331.00 KiB/s\rReceiving objects:  83% (94/113), 188.00 KiB | 331.00 KiB/s\rReceiving objects:  84% (95/113), 188.00 KiB | 331.00 KiB/s\rReceiving objects:  85% (97/113), 188.00 KiB | 331.00 KiB/s\rReceiving objects:  86% (98/113), 188.00 KiB | 331.00 KiB/s\rReceiving objects:  87% (99/113), 188.00 KiB | 331.00 KiB/s\rReceiving objects:  88% (100/113), 188.00 KiB | 331.00 KiB/s\rReceiving objects:  89% (101/113), 188.00 KiB | 331.00 KiB/s\rReceiving objects:  90% (102/113), 188.00 KiB | 331.00 KiB/s\rReceiving objects:  91% (103/113), 188.00 KiB | 331.00 KiB/s\rReceiving objects:  92% (104/113), 188.00 KiB | 331.00 KiB/s\rReceiving objects:  93% (106/113), 188.00 KiB | 331.00 KiB/s\rReceiving objects:  94% (107/113), 188.00 KiB | 331.00 KiB"
"/s\rReceiving objects:  95% (108/113), 188.00 KiB | 331.00 KiB/s\rReceiving objects:  96% (109/113), 188.00 KiB | 331.00 KiB/s\rReceiving objects:  97% (110/113), 188.00 KiB | 331.00 KiB/s\rReceiving objects:  98% (111/113), 188.00 KiB | 331.00 KiB/s\rReceiving objects:  99% (112/113), 188.00 KiB | 331.00 KiB/s\rReceiving objects: 100% (113/113), 188.00 KiB | 331.00 KiB/s\rReceiving objects: 100% (113/113), 856.58 KiB | 923.00 KiB/s, done.\r\nResolving deltas:   0% (0/15)\r"
"Resolving deltas:   6% (1/15)\rResolving deltas:  20% (3/15)\rResolving deltas:  26% (4/15)\rResolving deltas:  33% (5/15)\rResolving deltas:  40% (6/15)\rResolving deltas:  46% (7/15)\rResolving deltas:  53% (8/15)\rResolving deltas:  60% (9/15)\rResolving deltas:  66% (10/15)\rResolving deltas:  80% (12/15)\rResolving deltas:  86% (13/15)\rResolving deltas: 100% (15/15)\rResolving deltas: 100% (15/15), done.\r\n"
"Downloading tool to detect main repo language...\n"
"Done downloading.\n"
"Detecting main repo language...\n"
"Detected 'Ruby' as the main repository language.\n"
"Docker socket permission set to allow in container docker"
